0 info it worked if it ends with ok
1 verbose cli [ 'node', '/usr/local/bin/npm', 'install', 'moment.js', '--save' ]
2 info using npm@1.4.28
3 info using node@v0.10.32
4 warn package.json groupme@1.0.0 No repository field.
5 verbose readDependencies using package.json deps
6 verbose cache add [ 'moment.js', null ]
7 verbose cache add name=undefined spec="moment.js" args=["moment.js",null]
8 verbose parsed url { protocol: null,
8 verbose parsed url   slashes: null,
8 verbose parsed url   auth: null,
8 verbose parsed url   host: null,
8 verbose parsed url   port: null,
8 verbose parsed url   hostname: null,
8 verbose parsed url   hash: null,
8 verbose parsed url   search: null,
8 verbose parsed url   query: null,
8 verbose parsed url   pathname: 'moment.js',
8 verbose parsed url   path: 'moment.js',
8 verbose parsed url   href: 'moment.js' }
9 silly lockFile 0aebd1dd-moment-js moment.js
10 verbose lock moment.js /Users/AltonjiC/.npm/0aebd1dd-moment-js.lock
11 silly lockFile 0aebd1dd-moment-js moment.js
12 silly lockFile 0aebd1dd-moment-js moment.js
13 verbose addNamed [ 'moment.js', '' ]
14 verbose addNamed [ null, '*' ]
15 silly lockFile 1e76404d-moment-js moment.js@
16 verbose lock moment.js@ /Users/AltonjiC/.npm/1e76404d-moment-js.lock
17 silly addNameRange { name: 'moment.js', range: '*', hasData: false }
18 verbose request where is /moment.js
19 verbose request registry https://registry.npmjs.org/
20 verbose request id ad44b863d331f0cb
21 verbose url raw /moment.js
22 verbose url resolving [ 'https://registry.npmjs.org/', './moment.js' ]
23 verbose url resolved https://registry.npmjs.org/moment.js
24 verbose request where is https://registry.npmjs.org/moment.js
25 info trying registry request attempt 1 at 15:31:36
26 http GET https://registry.npmjs.org/moment.js
27 http 404 https://registry.npmjs.org/moment.js
28 silly registry.get cb [ 404,
28 silly registry.get   { 'content-type': 'application/json',
28 silly registry.get     'cache-control': 'max-age=0',
28 silly registry.get     'content-length': '2',
28 silly registry.get     'accept-ranges': 'bytes',
28 silly registry.get     date: 'Sun, 12 Jun 2016 22:31:37 GMT',
28 silly registry.get     via: '1.1 varnish',
28 silly registry.get     age: '0',
28 silly registry.get     connection: 'keep-alive',
28 silly registry.get     'x-served-by': 'cache-sjc3126-SJC',
28 silly registry.get     'x-cache': 'MISS',
28 silly registry.get     'x-cache-hits': '0',
28 silly registry.get     'x-timer': 'S1465770697.294302,VS0,VE352',
28 silly registry.get     vary: 'Accept-Encoding' } ]
29 silly lockFile 1e76404d-moment-js moment.js@
30 silly lockFile 1e76404d-moment-js moment.js@
31 error 404 Not Found
31 error 404
31 error 404 'moment.js' is not in the npm registry.
31 error 404 You should bug the author to publish it
31 error 404 It was specified as a dependency of 'groupme'
31 error 404
31 error 404 Maybe try 'npm search moment'
31 error 404
31 error 404 Note that you can also install from a
31 error 404 tarball, folder, or http url, or git url.
32 error System Darwin 14.5.0
33 error command "node" "/usr/local/bin/npm" "install" "moment.js" "--save"
34 error cwd /Users/AltonjiC/Documents/SideWork/groupme
35 error node -v v0.10.32
36 error npm -v 1.4.28
37 error code E404
38 verbose exit [ 1, true ]
